<?xml version="1.0" encoding="UTF-8"?>
<!-- Generated by org.testng.reporters.JUnitReportReporter -->
<testsuite hostname="LAPTOP-1D8K0B0C" failures="0" tests="2" name="tests.DataProviderWithHashMap" time="48.305" errors="0" timestamp="2024-08-26T21:55:11 IST" skipped="0">
  <testcase classname="tests.DataProviderWithHashMap" name="StandAlone_Test" time="24.392"/>
  <system-out/>
  <testcase classname="tests.DataProviderWithHashMap" name="StandAlone_Test" time="23.913"/>
  <system-out/>
</testsuite> <!-- tests.DataProviderWithHashMap -->
