<?xml version="1.0" encoding="UTF-8"?>
<!-- Generated by org.testng.reporters.JUnitReportReporter -->
<testsuite hostname="LAPTOP-1D8K0B0C" failures="0" tests="2" name="tests.DataProviderTest" time="46.910" errors="0" timestamp="2024-08-26T21:24:10 IST" skipped="0">
  <testcase classname="tests.DataProviderTest" name="StandAlone_Test" time="22.429"/>
  <system-out/>
  <testcase classname="tests.DataProviderTest" name="StandAlone_Test" time="24.481"/>
  <system-out/>
</testsuite> <!-- tests.DataProviderTest -->
