<?xml version="1.0" encoding="UTF-8"?>
<!-- Generated by org.testng.reporters.JUnitReportReporter -->
<testsuite hostname="LAPTOP-1D8K0B0C" failures="0" tests="1" name="tests.Reports" time="9.786" errors="0" timestamp="2024-08-27T15:46:22 IST" skipped="0">
  <testcase classname="tests.Reports" name="test" time="9.786"/>
  <system-out/>
</testsuite> <!-- tests.Reports -->
