<?xml version="1.0" encoding="UTF-8"?>
<!-- Generated by org.testng.reporters.JUnitReportReporter -->
<testsuite hostname="LAPTOP-1D8K0B0C" failures="0" tests="2" name="tests.JsonFileTest" time="48.730" errors="0" timestamp="2024-08-26T22:06:17 IST" skipped="0">
  <testcase classname="tests.JsonFileTest" name="StandAlone_Test" time="19.888"/>
  <system-out/>
  <testcase classname="tests.JsonFileTest" name="StandAlone_Test" time="28.842"/>
  <system-out/>
</testsuite> <!-- tests.JsonFileTest -->
