<?xml version="1.0" encoding="UTF-8"?>
<!-- Generated by org.testng.reporters.JUnitReportReporter -->
<testsuite hostname="LAPTOP-1D8K0B0C" failures="0" tests="2" name="tests.JsonFileTest" time="51.800" errors="0" timestamp="2024-08-28T15:51:07 IST" skipped="0">
  <testcase classname="tests.JsonFileTest" name="StandAlone_Test" time="25.788"/>
  <testcase classname="tests.JsonFileTest" name="StandAlone_Test" time="26.012"/>
</testsuite> <!-- tests.JsonFileTest -->
