<?xml version="1.0" encoding="UTF-8"?>
<!-- Generated by org.testng.reporters.JUnitReportReporter -->
<testsuite hostname="LAPTOP-1D8K0B0C" failures="0" tests="2" name="tests.DataProviderTest" time="47.053" errors="0" timestamp="2024-08-28T15:51:07 IST" skipped="0">
  <testcase classname="tests.DataProviderTest" name="StandAlone_Test" time="23.166"/>
  <testcase classname="tests.DataProviderTest" name="StandAlone_Test" time="23.887"/>
</testsuite> <!-- tests.DataProviderTest -->
