<?xml version="1.0" encoding="UTF-8"?>
<!-- Generated by org.testng.reporters.JUnitReportReporter -->
<testsuite hostname="LAPTOP-1D8K0B0C" failures="0" tests="1" name="tests.StandaloneTest" time="26.213" errors="0" timestamp="2024-08-28T19:59:37 IST" skipped="0">
  <testcase classname="tests.StandaloneTest" name="StandAlone_Test" time="26.213"/>
</testsuite> <!-- tests.StandaloneTest -->
