<?xml version="1.0" encoding="UTF-8"?>
<!-- Generated by org.testng.reporters.JUnitReportReporter -->
<testsuite hostname="LAPTOP-1D8K0B0C" failures="0" tests="2" name="tests.DataProviderWithHashMap" time="33.870" errors="0" timestamp="2024-08-28T15:51:07 IST" skipped="0">
  <testcase classname="tests.DataProviderWithHashMap" name="StandAlone_Test" time="22.364"/>
  <testcase classname="tests.DataProviderWithHashMap" name="StandAlone_Test" time="11.506"/>
</testsuite> <!-- tests.DataProviderWithHashMap -->
